{
  "RSpec": {
    "coverage": {
      "/home/murthi/Documents/video_on_demand/spec/support/controller_spec_helper.rb": [
        1,
        1,
        11,
        null,
        null,
        1,
        1,
        null,
        null,
        1,
        null,
        null,
        null,
        8,
        null,
        null,
        1,
        null,
        null,
        null,
        0,
        null,
        null
      ],
      "/home/murthi/Documents/video_on_demand/spec/support/request_spec_helper.rb": [
        1,
        1,
        13,
        null,
        null
      ],
      "/home/murthi/Documents/video_on_demand/app/auth/authenticate_user.rb": [
        1,
        1,
        7,
        7,
        null,
        null,
        1,
        7,
        null,
        null,
        1,
        null,
        1,
        null,
        1,
        12,
        12,
        2,
        null,
        null
      ],
      "/home/murthi/Documents/video_on_demand/spec/auth/authorize_api_request_spec.rb": [
        1,
        null,
        1,
        3,
        2,
        2,
        2,
        null,
        1,
        1,
        1,
        1,
        1,
        null,
        null,
        null,
        1,
        1,
        1,
        2,
        null,
        null,
        null,
        null,
        1,
        1,
        1,
        null,
        null,
        1,
        2,
        null,
        null,
        null,
        null,
        1,
        2,
        2,
        null,
        1,
        2,
        null,
        null,
        null,
        null,
        null,
        null,
        null,
        1,
        2,
        2,
        null,
        1,
        2,
        null,
        null,
        null,
        null,
        null,
        null,
        null,
        null,
        null
      ],
      "/home/murthi/Documents/video_on_demand/app/auth/authorize_api_request.rb": [
        1,
        1,
        9,
        null,
        null,
        1,
        null,
        null,
        9,
        null,
        null,
        1,
        null,
        1,
        null,
        1,
        9,
        null,
        1,
        null,
        1,
        null,
        null,
        null,
        1,
        13,
        null,
        null,
        1,
        9,
        6,
        null,
        3,
        null,
        null
      ],
      "/home/murthi/Documents/video_on_demand/spec/controllers/application_controller_spec.rb": [
        1,
        null,
        1,
        2,
        2,
        1,
        null,
        1,
        1,
        2,
        null,
        1,
        2,
        null,
        null,
        null,
        null,
        null
      ],
      "/home/murthi/Documents/video_on_demand/app/controllers/application_controller.rb": [
        1,
        1,
        1,
        1,
        1,
        null,
        1,
        1,
        null,
        1,
        null,
        1,
        null,
        1,
        10,
        4,
        null,
        null,
        null
      ],
      "/home/murthi/Documents/video_on_demand/app/controllers/concerns/response.rb": [
        1,
        1,
        15,
        null,
        null
      ],
      "/home/murthi/Documents/video_on_demand/app/controllers/concerns/exception_handler.rb": [
        1,
        1,
        null,
        1,
        1,
        1,
        null,
        1,
        null,
        1,
        1,
        1,
        1,
        null,
        1,
        0,
        null,
        null,
        null,
        1,
        null,
        1,
        3,
        null,
        null,
        1,
        1,
        null,
        null
      ],
      "/home/murthi/Documents/video_on_demand/spec/controllers/authentication_controller_spec.rb": [
        1,
        null,
        1,
        null,
        null
      ],
      "/home/murthi/Documents/video_on_demand/app/controllers/authentication_controller.rb": [
        1,
        1,
        1,
        2,
        null,
        1,
        null,
        null,
        1,
        null,
        1,
        4,
        null,
        null
      ],
      "/home/murthi/Documents/video_on_demand/spec/controllers/contents_controller_spec.rb": [
        1,
        null,
        1,
        null,
        null
      ],
      "/home/murthi/Documents/video_on_demand/app/controllers/contents_controller.rb": [
        1,
        1,
        2,
        2,
        null,
        null
      ],
      "/home/murthi/Documents/video_on_demand/spec/controllers/movies_controller_spec.rb": [
        1,
        null,
        1,
        null,
        null
      ],
      "/home/murthi/Documents/video_on_demand/app/controllers/movies_controller.rb": [
        1,
        1,
        2,
        2,
        null,
        null
      ],
      "/home/murthi/Documents/video_on_demand/spec/controllers/seasons_controller_spec.rb": [
        1,
        null,
        1,
        null,
        null
      ],
      "/home/murthi/Documents/video_on_demand/app/controllers/seasons_controller.rb": [
        1,
        1,
        2,
        2,
        null,
        null
      ],
      "/home/murthi/Documents/video_on_demand/spec/controllers/subscriptions_controller_spec.rb": [
        1,
        null,
        1,
        1,
        2,
        null,
        1,
        1,
        1,
        null,
        null,
        1,
        3,
        null,
        null,
        null,
        null,
        null
      ],
      "/home/murthi/Documents/video_on_demand/app/controllers/subscriptions_controller.rb": [
        1,
        1,
        1,
        0,
        0,
        null,
        null,
        1,
        1,
        1,
        null,
        null,
        1,
        null,
        1,
        1,
        null,
        null
      ],
      "/home/murthi/Documents/video_on_demand/spec/controllers/users_controller_spec.rb": [
        1,
        null,
        1,
        null,
        null
      ],
      "/home/murthi/Documents/video_on_demand/app/controllers/users_controller.rb": [
        1,
        1,
        1,
        5,
        3,
        3,
        3,
        null,
        null,
        1,
        null,
        1,
        5,
        null,
        null,
        null,
        null,
        null,
        null
      ],
      "/home/murthi/Documents/video_on_demand/spec/models/episode_spec.rb": [
        1,
        null,
        1,
        2,
        2,
        2,
        2,
        null
      ],
      "/home/murthi/Documents/video_on_demand/app/models/episode.rb": [
        1,
        21,
        1,
        1,
        1,
        1,
        null
      ],
      "/home/murthi/Documents/video_on_demand/app/models/application_record.rb": [
        1,
        1,
        null
      ],
      "/home/murthi/Documents/video_on_demand/spec/models/movie_spec.rb": [
        1,
        null,
        1,
        2,
        2,
        2,
        2,
        null
      ],
      "/home/murthi/Documents/video_on_demand/app/models/movie.rb": [
        1,
        1,
        1,
        1,
        null
      ],
      "/home/murthi/Documents/video_on_demand/spec/models/season_spec.rb": [
        1,
        null,
        1,
        2,
        2,
        2,
        2,
        null
      ],
      "/home/murthi/Documents/video_on_demand/app/models/season.rb": [
        1,
        1,
        1,
        1,
        1,
        null
      ],
      "/home/murthi/Documents/video_on_demand/spec/models/subscription_spec.rb": [
        1,
        null,
        1,
        null,
        2,
        2,
        null,
        1,
        1,
        2,
        2,
        null,
        null,
        1,
        1,
        null,
        null,
        1,
        1,
        null,
        null,
        null
      ],
      "/home/murthi/Documents/video_on_demand/app/models/subscription.rb": [
        1,
        1,
        1,
        22,
        1,
        null,
        1,
        1,
        1,
        null,
        null,
        1,
        8,
        0,
        null,
        null,
        null,
        1,
        4,
        null,
        null
      ],
      "/home/murthi/Documents/video_on_demand/spec/models/user_spec.rb": [
        1,
        null,
        1,
        2,
        2,
        2,
        null
      ],
      "/home/murthi/Documents/video_on_demand/app/models/user.rb": [
        1,
        1,
        1,
        1,
        null
      ],
      "/home/murthi/Documents/video_on_demand/spec/requests/authentication_spec.rb": [
        1,
        null,
        1,
        1,
        3,
        3,
        1,
        null,
        null,
        null,
        1,
        null,
        1,
        null,
        null,
        null,
        1,
        null,
        null,
        1,
        2,
        null,
        1,
        1,
        null,
        null,
        null,
        1,
        2,
        null,
        1,
        1,
        null,
        null,
        null,
        null
      ],
      "/home/murthi/Documents/video_on_demand/spec/requests/contents_spec.rb": [
        1,
        null,
        1,
        3,
        3,
        null,
        1,
        3,
        null,
        1,
        1,
        1,
        null,
        null,
        1,
        1,
        null,
        null,
        null,
        null
      ],
      "/home/murthi/Documents/video_on_demand/spec/requests/movies_spec.rb": [
        1,
        null,
        1,
        3,
        null,
        1,
        3,
        null,
        1,
        1,
        1,
        null,
        null,
        1,
        1,
        null,
        null,
        null,
        null
      ],
      "/home/murthi/Documents/video_on_demand/spec/requests/seasons_spec.rb": [
        1,
        null,
        1,
        3,
        null,
        1,
        3,
        null,
        1,
        1,
        1,
        null,
        null,
        1,
        1,
        null,
        null,
        null,
        null
      ],
      "/home/murthi/Documents/video_on_demand/spec/requests/subscriptions_spec.rb": [
        1,
        null,
        1,
        4,
        4,
        4,
        2,
        null,
        1,
        2,
        null,
        1,
        1,
        1,
        null,
        null,
        null,
        null,
        1,
        2,
        null,
        1,
        2,
        null,
        1,
        1,
        null,
        null,
        null,
        1,
        1,
        null,
        1,
        0,
        null,
        null,
        null,
        null,
        null,
        null
      ],
      "/home/murthi/Documents/video_on_demand/spec/requests/users_spec.rb": [
        1,
        null,
        1,
        6,
        6,
        1,
        3,
        null,
        null,
        1,
        1,
        4,
        null,
        1,
        1,
        null,
        null,
        1,
        1,
        null,
        null,
        1,
        1,
        null,
        null,
        null,
        1,
        3,
        null,
        1,
        1,
        null,
        null,
        1,
        1,
        null,
        null,
        null,
        null,
        null
      ],
      "/home/murthi/Documents/video_on_demand/app/lib/json_web_token.rb": [
        1,
        1,
        null,
        1,
        17,
        17,
        null,
        null,
        1,
        6,
        4,
        null,
        2,
        null,
        null
      ],
      "/home/murthi/Documents/video_on_demand/app/lib/message.rb": [
        1,
        1,
        0,
        null,
        null,
        1,
        2,
        null,
        null,
        1,
        1,
        null,
        null,
        1,
        3,
        null,
        null,
        1,
        0,
        null,
        null,
        1,
        3,
        null,
        null,
        1,
        0,
        null,
        null,
        1,
        0,
        null,
        null
      ],
      "/home/murthi/Documents/video_on_demand/app/serializers/movie_serializer.rb": [
        1,
        1,
        1,
        null
      ],
      "/home/murthi/Documents/video_on_demand/app/serializers/application_serializer.rb": [
        1,
        null,
        1,
        1,
        null,
        null,
        null,
        1,
        8,
        null,
        null
      ],
      "/home/murthi/Documents/video_on_demand/app/serializers/season_serializer.rb": [
        1,
        1,
        1,
        1,
        null
      ],
      "/home/murthi/Documents/video_on_demand/app/serializers/subscription_serializer.rb": [
        1,
        1,
        1,
        1,
        1,
        null
      ]
    },
    "timestamp": 1543900400
  }
}
